[2022-03-12 10:59:15] local.ERROR: filesize(): stat failed for /home/freyl7189ine/public_html/web.ctdemo.in/spos/storage/framework/sessions/ETJ8qwc6txVW6tCO89F1BtpKLk48oUF69YGqH5px {"exception":"[object] (ErrorException(code: 0): filesize(): stat failed for /home/freyl7189ine/public_html/web.ctdemo.in/spos/storage/framework/sessions/ETJ8qwc6txVW6tCO89F1BtpKLk48oUF69YGqH5px at /home/freyl7189ine/public_html/web.ctdemo.in/spos/vendor/laravel/framework/src/Illuminate/Filesystem/Filesystem.php:334)
[stacktrace]
#0 [internal function]: Illuminate\\Foundation\\Bootstrap\\HandleExceptions->handleError(2, 'filesize(): sta...', '/home/freyl7189...', 334, Array)
#1 /home/freyl7189ine/public_html/web.ctdemo.in/spos/vendor/laravel/framework/src/Illuminate/Filesystem/Filesystem.php(334): filesize('/home/freyl7189...')
#2 /home/freyl7189ine/public_html/web.ctdemo.in/spos/vendor/laravel/framework/src/Illuminate/Filesystem/Filesystem.php(61): Illuminate\\Filesystem\\Filesystem->size('/home/freyl7189...')
#3 /home/freyl7189ine/public_html/web.ctdemo.in/spos/vendor/laravel/framework/src/Illuminate/Session/FileSessionHandler.php(71): Illuminate\\Filesystem\\Filesystem->sharedGet('/home/freyl7189...')
#4 /home/freyl7189ine/public_html/web.ctdemo.in/spos/vendor/laravel/framework/src/Illuminate/Session/Store.php(97): Illuminate\\Session\\FileSessionHandler->read('ETJ8qwc6txVW6tC...')
#5 /home/freyl7189ine/public_html/web.ctdemo.in/spos/vendor/laravel/framework/src/Illuminate/Session/Store.php(87): Illuminate\\Session\\Store->readFromHandler()
#6 /home/freyl7189ine/public_html/web.ctdemo.in/spos/vendor/laravel/framework/src/Illuminate/Session/Store.php(71): Illuminate\\Session\\Store->loadSession()
#7 /home/freyl7189ine/public_html/web.ctdemo.in/spos/vendor/laravel/framework/src/Illuminate/Session/Middleware/StartSession.php(81): Illuminate\\Session\\Store->start()
#8 /home/freyl7189ine/public_html/web.ctdemo.in/spos/vendor/laravel/framework/src/Illuminate/Support/helpers.php(1124): Illuminate\\Session\\Middleware\\StartSession->Illuminate\\Session\\Middleware\\{closure}(Object(Illuminate\\Session\\Store))
#9 /home/freyl7189ine/public_html/web.ctdemo.in/spos/vendor/laravel/framework/src/Illuminate/Session/Middleware/StartSession.php(82): tap(Object(Illuminate\\Session\\Store), Object(Closure))
#10 /home/freyl7189ine/public_html/web.ctdemo.in/spos/vendor/laravel/framework/src/Illuminate/Session/Middleware/StartSession.php(51): Illuminate\\Session\\Middleware\\StartSession->startSession(Object(Illuminate\\Http\\Request))
#11 /home/freyl7189ine/public_html/web.ctdemo.in/spos/vendor/laravel/framework/src/Illuminate/Pipeline/Pipeline.php(163): Illuminate\\Session\\Middleware\\StartSession->handle(Object(Illuminate\\Http\\Request), Object(Closure))
#12 /home/freyl7189ine/public_html/web.ctdemo.in/spos/vendor/laravel/framework/src/Illuminate/Routing/Pipeline.php(53): Illuminate\\Pipeline\\Pipeline->Illuminate\\Pipeline\\{closure}(Object(Illuminate\\Http\\Request))
#13 /home/freyl7189ine/public_html/web.ctdemo.in/spos/vendor/laravel/framework/src/Illuminate/Cookie/Middleware/AddQueuedCookiesToResponse.php(37): Illuminate\\Routing\\Pipeline->Illuminate\\Routing\\{closure}(Object(Illuminate\\Http\\Request))
#14 /home/freyl7189ine/public_html/web.ctdemo.in/spos/vendor/laravel/framework/src/Illuminate/Pipeline/Pipeline.php(163): Illuminate\\Cookie\\Middleware\\AddQueuedCookiesToResponse->handle(Object(Illuminate\\Http\\Request), Object(Closure))
#15 /home/freyl7189ine/public_html/web.ctdemo.in/spos/vendor/laravel/framework/src/Illuminate/Routing/Pipeline.php(53): Illuminate\\Pipeline\\Pipeline->Illuminate\\Pipeline\\{closure}(Object(Illuminate\\Http\\Request))
#16 /home/freyl7189ine/public_html/web.ctdemo.in/spos/vendor/laravel/framework/src/Illuminate/Cookie/Middleware/EncryptCookies.php(66): Illuminate\\Routing\\Pipeline->Illuminate\\Routing\\{closure}(Object(Illuminate\\Http\\Request))
#17 /home/freyl7189ine/public_html/web.ctdemo.in/spos/vendor/laravel/framework/src/Illuminate/Pipeline/Pipeline.php(163): Illuminate\\Cookie\\Middleware\\EncryptCookies->handle(Object(Illuminate\\Http\\Request), Object(Closure))
#18 /home/freyl7189ine/public_html/web.ctdemo.in/spos/vendor/laravel/framework/src/Illuminate/Routing/Pipeline.php(53): Illuminate\\Pipeline\\Pipeline->Illuminate\\Pipeline\\{closure}(Object(Illuminate\\Http\\Request))
#19 /home/freyl7189ine/public_html/web.ctdemo.in/spos/vendor/laravel/framework/src/Illuminate/Pipeline/Pipeline.php(104): Illuminate\\Routing\\Pipeline->Illuminate\\Routing\\{closure}(Object(Illuminate\\Http\\Request))
#20 /home/freyl7189ine/public_html/web.ctdemo.in/spos/vendor/laravel/framework/src/Illuminate/Routing/Router.php(682): Illuminate\\Pipeline\\Pipeline->then(Object(Closure))
#21 /home/freyl7189ine/public_html/web.ctdemo.in/spos/vendor/laravel/framework/src/Illuminate/Routing/Router.php(657): Illuminate\\Routing\\Router->runRouteWithinStack(Object(Illuminate\\Routing\\Route), Object(Illuminate\\Http\\Request))
#22 /home/freyl7189ine/public_html/web.ctdemo.in/spos/vendor/laravel/framework/src/Illuminate/Routing/Router.php(623): Illuminate\\Routing\\Router->runRoute(Object(Illuminate\\Http\\Request), Object(Illuminate\\Routing\\Route))
#23 /home/freyl7189ine/public_html/web.ctdemo.in/spos/vendor/laravel/framework/src/Illuminate/Routing/Router.php(612): Illuminate\\Routing\\Router->dispatchToRoute(Object(Illuminate\\Http\\Request))
#24 /home/freyl7189ine/public_html/web.ctdemo.in/spos/vendor/laravel/framework/src/Illuminate/Foundation/Http/Kernel.php(176): Illuminate\\Routing\\Router->dispatch(Object(Illuminate\\Http\\Request))
#25 /home/freyl7189ine/public_html/web.ctdemo.in/spos/vendor/laravel/framework/src/Illuminate/Routing/Pipeline.php(30): Illuminate\\Foundation\\Http\\Kernel->Illuminate\\Foundation\\Http\\{closure}(Object(Illuminate\\Http\\Request))
#26 /home/freyl7189ine/public_html/web.ctdemo.in/spos/vendor/fideloper/proxy/src/TrustProxies.php(57): Illuminate\\Routing\\Pipeline->Illuminate\\Routing\\{closure}(Object(Illuminate\\Http\\Request))
#27 /home/freyl7189ine/public_html/web.ctdemo.in/spos/vendor/laravel/framework/src/Illuminate/Pipeline/Pipeline.php(163): Fideloper\\Proxy\\TrustProxies->handle(Object(Illuminate\\Http\\Request), Object(Closure))
#28 /home/freyl7189ine/public_html/web.ctdemo.in/spos/vendor/laravel/framework/src/Illuminate/Routing/Pipeline.php(53): Illuminate\\Pipeline\\Pipeline->Illuminate\\Pipeline\\{closure}(Object(Illuminate\\Http\\Request))
#29 /home/freyl7189ine/public_html/web.ctdemo.in/spos/vendor/laravel/framework/src/Illuminate/Foundation/Http/Middleware/TransformsRequest.php(21): Illuminate\\Routing\\Pipeline->Illuminate\\Routing\\{closure}(Object(Illuminate\\Http\\Request))
#30 /home/freyl7189ine/public_html/web.ctdemo.in/spos/vendor/laravel/framework/src/Illuminate/Pipeline/Pipeline.php(163): Illuminate\\Foundation\\Http\\Middleware\\TransformsRequest->handle(Object(Illuminate\\Http\\Request), Object(Closure))
#31 /home/freyl7189ine/public_html/web.ctdemo.in/spos/vendor/laravel/framework/src/Illuminate/Routing/Pipeline.php(53): Illuminate\\Pipeline\\Pipeline->Illuminate\\Pipeline\\{closure}(Object(Illuminate\\Http\\Request))
#32 /home/freyl7189ine/public_html/web.ctdemo.in/spos/vendor/laravel/framework/src/Illuminate/Foundation/Http/Middleware/TransformsRequest.php(21): Illuminate\\Routing\\Pipeline->Illuminate\\Routing\\{closure}(Object(Illuminate\\Http\\Request))
#33 /home/freyl7189ine/public_html/web.ctdemo.in/spos/vendor/laravel/framework/src/Illuminate/Pipeline/Pipeline.php(163): Illuminate\\Foundation\\Http\\Middleware\\TransformsRequest->handle(Object(Illuminate\\Http\\Request), Object(Closure))
#34 /home/freyl7189ine/public_html/web.ctdemo.in/spos/vendor/laravel/framework/src/Illuminate/Routing/Pipeline.php(53): Illuminate\\Pipeline\\Pipeline->Illuminate\\Pipeline\\{closure}(Object(Illuminate\\Http\\Request))
#35 /home/freyl7189ine/public_html/web.ctdemo.in/spos/vendor/laravel/framework/src/Illuminate/Foundation/Http/Middleware/ValidatePostSize.php(27): Illuminate\\Routing\\Pipeline->Illuminate\\Routing\\{closure}(Object(Illuminate\\Http\\Request))
#36 /home/freyl7189ine/public_html/web.ctdemo.in/spos/vendor/laravel/framework/src/Illuminate/Pipeline/Pipeline.php(163): Illuminate\\Foundation\\Http\\Middleware\\ValidatePostSize->handle(Object(Illuminate\\Http\\Request), Object(Closure))
#37 /home/freyl7189ine/public_html/web.ctdemo.in/spos/vendor/laravel/framework/src/Illuminate/Routing/Pipeline.php(53): Illuminate\\Pipeline\\Pipeline->Illuminate\\Pipeline\\{closure}(Object(Illuminate\\Http\\Request))
#38 /home/freyl7189ine/public_html/web.ctdemo.in/spos/vendor/laravel/framework/src/Illuminate/Foundation/Http/Middleware/CheckForMaintenanceMode.php(62): Illuminate\\Routing\\Pipeline->Illuminate\\Routing\\{closure}(Object(Illuminate\\Http\\Request))
#39 /home/freyl7189ine/public_html/web.ctdemo.in/spos/vendor/laravel/framework/src/Illuminate/Pipeline/Pipeline.php(163): Illuminate\\Foundation\\Http\\Middleware\\CheckForMaintenanceMode->handle(Object(Illuminate\\Http\\Request), Object(Closure))
#40 /home/freyl7189ine/public_html/web.ctdemo.in/spos/vendor/laravel/framework/src/Illuminate/Routing/Pipeline.php(53): Illuminate\\Pipeline\\Pipeline->Illuminate\\Pipeline\\{closure}(Object(Illuminate\\Http\\Request))
#41 /home/freyl7189ine/public_html/web.ctdemo.in/spos/vendor/laravel/framework/src/Illuminate/Pipeline/Pipeline.php(104): Illuminate\\Routing\\Pipeline->Illuminate\\Routing\\{closure}(Object(Illuminate\\Http\\Request))
#42 /home/freyl7189ine/public_html/web.ctdemo.in/spos/vendor/laravel/framework/src/Illuminate/Foundation/Http/Kernel.php(151): Illuminate\\Pipeline\\Pipeline->then(Object(Closure))
#43 /home/freyl7189ine/public_html/web.ctdemo.in/spos/vendor/laravel/framework/src/Illuminate/Foundation/Http/Kernel.php(116): Illuminate\\Foundation\\Http\\Kernel->sendRequestThroughRouter(Object(Illuminate\\Http\\Request))
#44 /home/freyl7189ine/public_html/web.ctdemo.in/spos/index.php(55): Illuminate\\Foundation\\Http\\Kernel->handle(Object(Illuminate\\Http\\Request))
#45 {main}
"} 
